TN:
SF:src\features\auth\api\authApi.ts
FN:15,login
FNF:1
FNH:1
FNDA:2,login
DA:2,1
DA:14,1
DA:15,1
DA:16,2
DA:17,1
DA:18,2
DA:20,1
LF:7
LH:7
BRDA:15,0,0,2
BRDA:16,1,0,1
BRF:2
BRH:2
end_of_record
TN:
SF:src\features\auth\components\EmailField.tsx
FN:12,EmailField
FNF:1
FNH:1
FNDA:5,EmailField
DA:2,1
DA:12,1
DA:13,5
DA:14,5
DA:15,5
DA:20,5
DA:21,5
DA:22,5
DA:23,5
DA:24,5
DA:25,5
DA:26,5
DA:27,5
DA:28,5
DA:29,5
DA:30,5
DA:31,5
DA:32,5
DA:36,1
LF:19
LH:19
BRDA:12,0,0,5
BRDA:13,1,0,4
BRDA:14,2,0,4
BRDA:15,3,0,4
BRDA:15,4,0,0
BRF:5
BRH:4
end_of_record
TN:
SF:src\features\auth\components\PasswordField.tsx
FN:14,PasswordField
FN:25,t5
FN:14,_temp
FN:14,_temp2
FNF:4
FNH:4
FNDA:7,PasswordField
FNDA:3,t5
FNDA:1,_temp
FNDA:3,_temp2
DA:2,1
DA:3,1
DA:4,1
DA:14,1
DA:15,3
DA:16,3
DA:17,3
DA:21,3
DA:22,3
DA:23,3
DA:25,3
DA:26,3
DA:28,3
DA:29,4
DA:32,4
DA:33,4
DA:34,7
DA:35,7
DA:36,7
DA:37,7
DA:38,7
DA:39,7
DA:40,7
DA:41,7
DA:42,7
DA:43,7
DA:44,7
DA:45,7
DA:46,7
DA:47,7
DA:48,7
DA:49,7
DA:51,7
DA:52,7
DA:53,7
DA:54,7
DA:58,1
LF:37
LH:37
BRDA:14,0,0,7
BRDA:23,1,0,4
BRDA:23,2,0,3
BRDA:23,3,0,1
BRDA:23,4,0,3
BRDA:23,5,0,3
BRDA:24,6,0,1
BRDA:29,7,0,3
BRDA:30,8,0,1
BRDA:36,9,0,2
BRDA:36,10,0,5
BRDA:36,11,0,3
BRDA:36,12,0,3
BRDA:36,13,0,3
BRDA:36,14,0,0
BRDA:49,15,0,2
BRDA:49,16,0,5
BRDA:51,17,0,2
BRDA:51,18,0,5
BRDA:51,19,0,0
BRDA:51,20,0,3
BRDA:51,21,0,0
BRDA:25,22,0,3
BRDA:14,23,0,1
BRDA:14,24,0,3
BRF:25
BRH:22
end_of_record
TN:
SF:src\features\auth\components\SubmitButton.tsx
FN:8,SubmitButton
FNF:1
FNH:1
FNDA:3,SubmitButton
DA:8,1
DA:9,3
DA:10,3
DA:13,3
DA:14,3
DA:17,3
DA:18,3
DA:19,3
DA:20,3
DA:21,3
DA:22,3
DA:24,3
DA:25,3
DA:29,1
LF:14
LH:14
BRDA:8,0,0,3
BRDA:9,1,0,2
BRDA:10,2,0,1
BRDA:14,3,0,1
BRDA:14,4,0,2
BRF:5
BRH:5
end_of_record
TN:
SF:src\features\auth\contexts\ParticleContext.ts
FNF:0
FNH:0
DA:1,1
DA:3,1
LF:2
LH:2
BRF:0
BRH:0
end_of_record
TN:
SF:src\features\auth\hooks\useLogin.ts
FN:11,useLogin
FN:17,handleChange
FN:22,handleSubmit
FNF:3
FNH:3
FNDA:10,useLogin
FNDA:2,handleChange
FNDA:3,handleSubmit
DA:2,1
DA:3,1
DA:4,1
DA:11,1
DA:12,10
DA:13,10
DA:14,10
DA:15,10
DA:17,10
DA:18,2
DA:19,2
DA:20,2
DA:22,10
DA:23,3
DA:24,3
DA:25,3
DA:27,3
DA:28,3
DA:31,1
DA:32,1
DA:35,1
DA:36,3
DA:37,2
DA:38,2
DA:39,3
DA:40,3
DA:41,3
DA:42,3
DA:44,10
DA:45,10
LF:30
LH:30
BRDA:11,0,0,10
BRDA:17,1,0,2
BRDA:19,2,0,2
BRDA:22,3,0,3
BRDA:28,4,0,1
BRDA:36,5,0,2
BRDA:38,6,0,1
BRDA:38,7,0,1
BRF:8
BRH:8
end_of_record
